<?xml version="1.0" encoding="UTF-8"?>
<!-- Generated by org.testng.reporters.JUnitReportReporter -->
<testsuite hostname="Mohit-PC" name="LearnAutomationDailyClasses.LearnClasses.TakeScreenShotConcept" tests="1" failures="0" timestamp="5 Aug 2018 19:59:35 GMT" time="53.628" errors="0">
  <testcase name="CaptureScreenshot" time="53.628" classname="LearnAutomationDailyClasses.LearnClasses.TakeScreenShotConcept"/>
</testsuite> <!-- LearnAutomationDailyClasses.LearnClasses.TakeScreenShotConcept -->
